[2026-07-14 18:22:56] [start] === Starting Steam Big Picture Toggle Script ===
[2026-07-14 18:22:56] [start] Args: USE_FLATPAK=false, USE_GAMESCOPE=true, GAMESCOPE_ARGS='-W 1920 -H 1080 -f -e', TARGET_AUDIO='Nvidia', TARGET_VOLUME=100
[2026-07-14 18:22:56] [start] START_CMD: gamescope -W 1920 -H 1080 -f -e -- env __NV_PRIME_RENDER_OFFLOAD=1 __GLX_VENDOR_LIBRARY_NAME=nvidia steam -gamepadui
[2026-07-14 18:22:56] [start] Executing EXTRA_START_CMD: dms ipc outputs setProfile BigPicture
PROFILE_SET_SUCCESS: BigPicture
[2026-07-14 18:22:56] [start] EXTRA_START_CMD exit code: 0
[2026-07-14 18:22:56] [start] Starting set_audio in background
[2026-07-14 18:22:56] [start] set_audio: target device 'Nvidia' with volume '100'
[2026-07-14 18:22:57] [start] set_audio: Attempt 1 - cycleoutput: 'Switched to: Razer USB Sound Card Analog Stereo'
[2026-07-14 18:22:57] [start] set_audio: Attempt 2 - cycleoutput: 'Switched to: Built-in Audio Analog Stereo'
[2026-07-14 18:22:57] [start] set_audio: Attempt 3 - cycleoutput: 'Switched to: AD107 High Definition Audio Controller Digital Stereo (HDMI)'
[2026-07-14 18:22:57] [start] set_audio: Attempt 4 - cycleoutput: 'Switched to: Razer USB Sound Card Analog Stereo'
[2026-07-14 18:22:58] [start] set_audio: Attempt 5 - cycleoutput: 'Switched to: Built-in Audio Analog Stereo'
[2026-07-14 18:22:58] [start] set_audio: Attempt 6 - cycleoutput: 'Switched to: AD107 High Definition Audio Controller Digital Stereo (HDMI)'
[2026-07-14 18:22:58] [start] set_audio: Attempt 7 - cycleoutput: 'Switched to: Razer USB Sound Card Analog Stereo'
[2026-07-14 18:22:59] [start] set_audio: Attempt 8 - cycleoutput: 'Switched to: Built-in Audio Analog Stereo'
[2026-07-14 18:22:59] [start] set_audio: Attempt 9 - cycleoutput: 'Switched to: AD107 High Definition Audio Controller Digital Stereo (HDMI)'
[2026-07-14 18:22:59] [start] set_audio: Attempt 10 - cycleoutput: 'Switched to: Razer USB Sound Card Analog Stereo'
[2026-07-14 18:23:01] [start] Executing START_CMD: gamescope -W 1920 -H 1080 -f -e -- env __NV_PRIME_RENDER_OFFLOAD=1 __GLX_VENDOR_LIBRARY_NAME=nvidia steam -gamepadui
[2026-07-14 18:23:02] [start] Starting monitor in background
[gamescope] [[0;34mInfo[0m]  [0;37mconsole:[0m gamescope version 3.16.20+ds-1 (gcc 15.2.0)
No CAP_SYS_NICE, falling back to regular-priority compute and threads.
Performance will be affected.
[gamescope] [[0;34mInfo[0m]  [0;37mscriptmgr:[0m Loading scripts from: '/usr/share/gamescope/scripts'
[gamescope] [[0;34mInfo[0m]  [0;37mscriptmgr:[0m Loading scripts from: '/usr/share/gamescope/scripts/00-gamescope'
[gamescope] [[0;34mInfo[0m]  [0;37mscriptmgr:[0m Loading scripts from: '/usr/share/gamescope/scripts/00-gamescope/common'
[gamescope] [[0;34mInfo[0m]  [0;37mscriptmgr:[0m Running script file '/usr/share/gamescope/scripts/00-gamescope/common/inspect.lua' (id: 0)
[gamescope] [[0;34mInfo[0m]  [0;37mscriptmgr:[0m Running script file '/usr/share/gamescope/scripts/00-gamescope/common/modegen.lua' (id: 1)
[gamescope] [[0;34mInfo[0m]  [0;37mscriptmgr:[0m Running script file '/usr/share/gamescope/scripts/00-gamescope/common/util.lua' (id: 2)
[gamescope] [[0;34mInfo[0m]  [0;37mscriptmgr:[0m Loading scripts from: '/usr/share/gamescope/scripts/00-gamescope/displays'
[gamescope] [[0;34mInfo[0m]  [0;37mscriptmgr:[0m Running script file '/usr/share/gamescope/scripts/00-gamescope/displays/asus.rogally.lcd.lua' (id: 3)
[gamescope] [[0;34mInfo[0m]  [0;37mscriptmgr:[0m Running script file '/usr/share/gamescope/scripts/00-gamescope/displays/deckhd.steamdeck.deckhd-lcd.lua' (id: 4)
[gamescope] [[0;34mInfo[0m]  [0;37mscriptmgr:[0m Running script file '/usr/share/gamescope/scripts/00-gamescope/displays/gpd.win4.lcd.lua' (id: 5)
[gamescope] [[0;34mInfo[0m]  [0;37mscriptmgr:[0m Running script file '/usr/share/gamescope/scripts/00-gamescope/displays/lenovo.legiongo.lcd.lua' (id: 6)
[gamescope] [[0;34mInfo[0m]  [0;37mscriptmgr:[0m Running script file '/usr/share/gamescope/scripts/00-gamescope/displays/lenovo.legiongos.lcd.lua' (id: 7)
[gamescope] [[0;34mInfo[0m]  [0;37mscriptmgr:[0m Running script file '/usr/share/gamescope/scripts/00-gamescope/displays/onexplayer.f1.oled.lua' (id: 8)
[gamescope] [[0;34mInfo[0m]  [0;37mscriptmgr:[0m Running script file '/usr/share/gamescope/scripts/00-gamescope/displays/valve.steamdeck.lcd.lua' (id: 9)
[gamescope] [[0;34mInfo[0m]  [0;37mscriptmgr:[0m Running script file '/usr/share/gamescope/scripts/00-gamescope/displays/valve.steamdeck.oled.lua' (id: 10)
[gamescope] [[0;34mInfo[0m]  [0;37mscriptmgr:[0m Running script file '/usr/share/gamescope/scripts/00-gamescope/displays/zotac.zone.oled.lua' (id: 11)
[gamescope] [[0;34mInfo[0m]  [0;37mscriptmgr:[0m Loading scripts from: '/etc/gamescope/scripts'
[gamescope] [[0;33mWarn[0m]  [0;37mscriptmgr:[0m Directory '/etc/gamescope/scripts' does not exist
[gamescope] [[0;34mInfo[0m]  [0;37mscriptmgr:[0m Loading scripts from: '/home/vsynlo/.config/gamescope/scripts'
[gamescope] [[0;33mWarn[0m]  [0;37mscriptmgr:[0m Directory '/home/vsynlo/.config/gamescope/scripts' does not exist
[2026-07-14 18:23:02] [monitor] Monitor: Waiting for Steam to start (timeout 20s)...
[gamescope] [[0;34mInfo[0m]  [0;37mvulkan:[0m Intel device detected, forcing general queue family instead of compute-only queue
[gamescope] [[0;34mInfo[0m]  [0;37mvulkan:[0m selecting physical device 'Intel(R) Graphics (RPL-P)': queue family 0 (general queue family 0)
[gamescope] [[0;34mInfo[0m]  [0;37mvulkan:[0m physical device supports DRM format modifiers
[gamescope] [[0;34mInfo[0m]  [0;37mwlserver:[0m [backend/headless/backend.c:60] Creating headless backend
[gamescope] [[0;34mInfo[0m]  [0;37mxdg_backend:[0m Seat name: seat0
[gamescope] [[0;34mInfo[0m]  [0;37mxdg_backend:[0m Initted Wayland backend
[gamescope] [[0;34mInfo[0m]  [0;37mvulkan:[0m supported DRM formats for sampling usage:
[gamescope] [[0;34mInfo[0m]  [0;37mvulkan:[0m   AR24 (0x34325241)
[gamescope] [[0;34mInfo[0m]  [0;37mvulkan:[0m   XR24 (0x34325258)
[gamescope] [[0;34mInfo[0m]  [0;37mvulkan:[0m   AB24 (0x34324241)
[gamescope] [[0;34mInfo[0m]  [0;37mvulkan:[0m   XB24 (0x34324258)
[gamescope] [[0;34mInfo[0m]  [0;37mvulkan:[0m   RG16 (0x36314752)
[gamescope] [[0;34mInfo[0m]  [0;37mvulkan:[0m   NV12 (0x3231564E)
[gamescope] [[0;34mInfo[0m]  [0;37mvulkan:[0m   AB4H (0x48344241)
[gamescope] [[0;34mInfo[0m]  [0;37mvulkan:[0m   XB4H (0x48344258)
[gamescope] [[0;34mInfo[0m]  [0;37mvulkan:[0m   AB30 (0x30334241)
[gamescope] [[0;34mInfo[0m]  [0;37mvulkan:[0m   XB30 (0x30334258)
[gamescope] [[0;34mInfo[0m]  [0;37mvulkan:[0m   AR30 (0x30335241)
[gamescope] [[0;34mInfo[0m]  [0;37mvulkan:[0m   XR30 (0x30335258)
[gamescope] [[0;34mInfo[0m]  [0;37mwlserver:[0m Using explicit sync when available
[gamescope] [[0;34mInfo[0m]  [0;37mwlserver:[0m Running compositor on wayland display 'gamescope-0'
[gamescope] [[0;34mInfo[0m]  [0;37mwlserver:[0m [backend/headless/backend.c:17] Starting headless backend
[gamescope] [[0;34mInfo[0m]  [0;37mwlserver:[0m Successfully initialized libei for input emulation!
[gamescope] [[0;34mInfo[0m]  [0;37mwlserver:[0m [xwayland/server.c:107] Starting Xwayland on :1
[gamescope] [[0;34mInfo[0m]  [0;37mpipewire:[0m stream state changed: connecting
[gamescope] [[0;34mInfo[0m]  [0;37mpipewire:[0m stream state changed: paused
[gamescope] [[0;34mInfo[0m]  [0;37mpipewire:[0m stream available on node ID: 91
[gamescope] [[0;34mInfo[0m]  [0;37medid:[0m Patching res 800x1280 -> 1920x1080
[gamescope] [[0;34mInfo[0m]  [0;37mvblank:[0m Using timerfd.
[gamescope] [[0;34mInfo[0m]  [0;37mxdg_backend:[0m Post-Initted Wayland backend
[2026-07-14 18:23:04] [monitor] Monitor: Steam is running. Monitoring process...
[gamescope] [[0;33mWarn[0m]  [0;37mxwm:[0m got the same buffer committed twice, ignoring.
sd_bus_call(g_dbus, message, UINT64_MAX, NULL, &reply)failed with ret -30
The XKEYBOARD keymap compiler (xkbcomp) reports:
> Warning:          Unsupported maximum keycode 708, clipping.
>                   X11 cannot support keycodes above 255.
> Warning:          Virtual modifier Hyper multiply defined
>                   Using 0, ignoring 0
> Warning:          Virtual modifier ScrollLock multiply defined
>                   Using 0, ignoring 0
Errors from xkbcomp are not fatal to the X server
[gamescope] [[0;34mInfo[0m]  [0;37mbinding:[0m (GRMarker) -> Adding new trigger [F12 + Control_L].
[gamescope] [[0;34mInfo[0m]  [0;37mbinding:[0m (GRBackgroundRecordingToggle) -> Adding new trigger [F11 + Control_L].
[gamescope] [[0;34mInfo[0m]  [0;37mbinding:[0m (GuideKeyboardHotkey) -> Adding new trigger [Tab + Shift_L].
[gamescope] [[0;34mInfo[0m]  [0;37mbinding:[0m (QAMKeyboardHotkey) -> Adding new trigger [Tab + Control_L + Shift_L].
[gamescope] [[0;31mError[0m] [0;37mxdg_backend:[0m Compositor released us but we were not acquired. Oh no.
[gamescope] [[0;31mError[0m] [0;37mxdg_backend:[0m Compositor released us but we were not acquired. Oh no.
[gamescope] [[0;31mError[0m] [0;37mxdg_backend:[0m Compositor released us but we were not acquired. Oh no.
[gamescope] [[0;31mError[0m] [0;37mxdg_backend:[0m Compositor released us but we were not acquired. Oh no.
[gamescope] [[0;31mError[0m] [0;37mxdg_backend:[0m Compositor released us but we were not acquired. Oh no.
[gamescope] [[0;31mError[0m] [0;37mxdg_backend:[0m Compositor released us but we were not acquired. Oh no.
[gamescope] [[0;31mError[0m] [0;37mxdg_backend:[0m Compositor released us but we were not acquired. Oh no.
[gamescope] [[0;31mError[0m] [0;37mxdg_backend:[0m Compositor released us but we were not acquired. Oh no.
[gamescope] [[0;31mError[0m] [0;37mxdg_backend:[0m Compositor released us but we were not acquired. Oh no.
[gamescope] [[0;31mError[0m] [0;37mxdg_backend:[0m Compositor released us but we were not acquired. Oh no.
[gamescope] [[0;31mError[0m] [0;37mxdg_backend:[0m Compositor released us but we were not acquired. Oh no.
[gamescope] [[0;31mError[0m] [0;37mxdg_backend:[0m Compositor released us but we were not acquired. Oh no.
[gamescope] [[0;31mError[0m] [0;37mxdg_backend:[0m Compositor released us but we were not acquired. Oh no.
[gamescope] [[0;31mError[0m] [0;37mxdg_backend:[0m Compositor released us but we were not acquired. Oh no.
[gamescope] [[0;31mError[0m] [0;37mxdg_backend:[0m Compositor released us but we were not acquired. Oh no.
[gamescope] [[0;31mError[0m] [0;37mxdg_backend:[0m Compositor released us but we were not acquired. Oh no.
[gamescope] [[0;31mError[0m] [0;37mxdg_backend:[0m Compositor released us but we were not acquired. Oh no.
[gamescope] [[0;31mError[0m] [0;37mxdg_backend:[0m Compositor released us but we were not acquired. Oh no.
[gamescope] [[0;31mError[0m] [0;37mxdg_backend:[0m Compositor released us but we were not acquired. Oh no.
[gamescope] [[0;31mError[0m] [0;37mxdg_backend:[0m Compositor released us but we were not acquired. Oh no.
[gamescope] [[0;31mError[0m] [0;37mxdg_backend:[0m Compositor released us but we were not acquired. Oh no.
[gamescope] [[0;31mError[0m] [0;37mxdg_backend:[0m Compositor released us but we were not acquired. Oh no.
[gamescope] [[0;31mError[0m] [0;37mxdg_backend:[0m Compositor released us but we were not acquired. Oh no.
[gamescope] [[0;31mError[0m] [0;37mxdg_backend:[0m Compositor released us but we were not acquired. Oh no.
[gamescope] [[0;31mError[0m] [0;37mxdg_backend:[0m Compositor released us but we were not acquired. Oh no.
[gamescope] [[0;31mError[0m] [0;37mxdg_backend:[0m Compositor released us but we were not acquired. Oh no.
[gamescope] [[0;31mError[0m] [0;37mxdg_backend:[0m Compositor released us but we were not acquired. Oh no.
[gamescope] [[0;31mError[0m] [0;37mxdg_backend:[0m Compositor released us but we were not acquired. Oh no.
[gamescope] [[0;31mError[0m] [0;37mxdg_backend:[0m Compositor released us but we were not acquired. Oh no.
[gamescope] [[0;31mError[0m] [0;37mxdg_backend:[0m Compositor released us but we were not acquired. Oh no.
[gamescope] [[0;31mError[0m] [0;37mxdg_backend:[0m Compositor released us but we were not acquired. Oh no.
[gamescope] [[0;31mError[0m] [0;37mxdg_backend:[0m Compositor released us but we were not acquired. Oh no.
[gamescope] [[0;31mError[0m] [0;37mxdg_backend:[0m Compositor released us but we were not acquired. Oh no.
[gamescope] [[0;31mError[0m] [0;37mxdg_backend:[0m Compositor released us but we were not acquired. Oh no.
[gamescope] [[0;31mError[0m] [0;37mxdg_backend:[0m Compositor released us but we were not acquired. Oh no.
[gamescope] [[0;31mError[0m] [0;37mxdg_backend:[0m Compositor released us but we were not acquired. Oh no.
[gamescope] [[0;31mError[0m] [0;37mxdg_backend:[0m Compositor released us but we were not acquired. Oh no.
[gamescope] [[0;31mError[0m] [0;37mxdg_backend:[0m Compositor released us but we were not acquired. Oh no.
[gamescope] [[0;31mError[0m] [0;37mxdg_backend:[0m Compositor released us but we were not acquired. Oh no.
[gamescope] [[0;31mError[0m] [0;37mxdg_backend:[0m Compositor released us but we were not acquired. Oh no.
[gamescope] [[0;31mError[0m] [0;37mxdg_backend:[0m Compositor released us but we were not acquired. Oh no.
[gamescope] [[0;31mError[0m] [0;37mxdg_backend:[0m Compositor released us but we were not acquired. Oh no.
[gamescope] [[0;31mError[0m] [0;37mxdg_backend:[0m Compositor released us but we were not acquired. Oh no.
[gamescope] [[0;31mError[0m] [0;37mxdg_backend:[0m Compositor released us but we were not acquired. Oh no.
[gamescope] [[0;31mError[0m] [0;37mxdg_backend:[0m Compositor released us but we were not acquired. Oh no.
[gamescope] [[0;31mError[0m] [0;37mxdg_backend:[0m Compositor released us but we were not acquired. Oh no.
[gamescope] [[0;31mError[0m] [0;37mxdg_backend:[0m Compositor released us but we were not acquired. Oh no.
[gamescope] [[0;31mError[0m] [0;37mxdg_backend:[0m Compositor released us but we were not acquired. Oh no.
[gamescope] [[0;31mError[0m] [0;37mxdg_backend:[0m Compositor released us but we were not acquired. Oh no.
[gamescope] [[0;31mError[0m] [0;37mxdg_backend:[0m Compositor released us but we were not acquired. Oh no.
[gamescope] [[0;31mError[0m] [0;37mxdg_backend:[0m Compositor released us but we were not acquired. Oh no.
[gamescope] [[0;31mError[0m] [0;37mxdg_backend:[0m Compositor released us but we were not acquired. Oh no.
[gamescope] [[0;31mError[0m] [0;37mxdg_backend:[0m Compositor released us but we were not acquired. Oh no.
[gamescope] [[0;31mError[0m] [0;37mxdg_backend:[0m Compositor released us but we were not acquired. Oh no.
[gamescope] [[0;31mError[0m] [0;37mxdg_backend:[0m Compositor released us but we were not acquired. Oh no.
[gamescope] [[0;31mError[0m] [0;37mxdg_backend:[0m Compositor released us but we were not acquired. Oh no.
[gamescope] [[0;31mError[0m] [0;37mxdg_backend:[0m Compositor released us but we were not acquired. Oh no.
[gamescope] [[0;31mError[0m] [0;37mxdg_backend:[0m Compositor released us but we were not acquired. Oh no.
[gamescope] [[0;31mError[0m] [0;37mxdg_backend:[0m Compositor released us but we were not acquired. Oh no.
[gamescope] [[0;31mError[0m] [0;37mxdg_backend:[0m Compositor released us but we were not acquired. Oh no.
[gamescope] [[0;31mError[0m] [0;37mxdg_backend:[0m Compositor released us but we were not acquired. Oh no.
[gamescope] [[0;31mError[0m] [0;37mxdg_backend:[0m Compositor released us but we were not acquired. Oh no.
[gamescope] [[0;31mError[0m] [0;37mxdg_backend:[0m Compositor released us but we were not acquired. Oh no.
[gamescope] [[0;31mError[0m] [0;37mxdg_backend:[0m Compositor released us but we were not acquired. Oh no.
[gamescope] [[0;31mError[0m] [0;37mxdg_backend:[0m Compositor released us but we were not acquired. Oh no.
[gamescope] [[0;31mError[0m] [0;37mxdg_backend:[0m Compositor released us but we were not acquired. Oh no.
[gamescope] [[0;31mError[0m] [0;37mxdg_backend:[0m Compositor released us but we were not acquired. Oh no.
[gamescope] [[0;31mError[0m] [0;37mxdg_backend:[0m Compositor released us but we were not acquired. Oh no.
[gamescope] [[0;31mError[0m] [0;37mxdg_backend:[0m Compositor released us but we were not acquired. Oh no.
[gamescope] [[0;31mError[0m] [0;37mxdg_backend:[0m Compositor released us but we were not acquired. Oh no.
[gamescope] [[0;31mError[0m] [0;37mxdg_backend:[0m Compositor released us but we were not acquired. Oh no.
[gamescope] [[0;31mError[0m] [0;37mxdg_backend:[0m Compositor released us but we were not acquired. Oh no.
[gamescope] [[0;31mError[0m] [0;37mxdg_backend:[0m Compositor released us but we were not acquired. Oh no.
[gamescope] [[0;31mError[0m] [0;37mxdg_backend:[0m Compositor released us but we were not acquired. Oh no.
[gamescope] [[0;31mError[0m] [0;37mxdg_backend:[0m Compositor released us but we were not acquired. Oh no.
[gamescope] [[0;31mError[0m] [0;37mxdg_backend:[0m Compositor released us but we were not acquired. Oh no.
[gamescope] [[0;31mError[0m] [0;37mxdg_backend:[0m Compositor released us but we were not acquired. Oh no.
[gamescope] [[0;31mError[0m] [0;37mxdg_backend:[0m Compositor released us but we were not acquired. Oh no.
[gamescope] [[0;31mError[0m] [0;37mxdg_backend:[0m Compositor released us but we were not acquired. Oh no.
[gamescope] [[0;31mError[0m] [0;37mxdg_backend:[0m Compositor released us but we were not acquired. Oh no.
[gamescope] [[0;31mError[0m] [0;37mxdg_backend:[0m Compositor released us but we were not acquired. Oh no.
[gamescope] [[0;31mError[0m] [0;37mxdg_backend:[0m Compositor released us but we were not acquired. Oh no.
[gamescope] [[0;31mError[0m] [0;37mxdg_backend:[0m Compositor released us but we were not acquired. Oh no.
[gamescope] [[0;31mError[0m] [0;37mxdg_backend:[0m Compositor released us but we were not acquired. Oh no.
[gamescope] [[0;31mError[0m] [0;37mxdg_backend:[0m Compositor released us but we were not acquired. Oh no.
[gamescope] [[0;31mError[0m] [0;37mxdg_backend:[0m Compositor released us but we were not acquired. Oh no.
[gamescope] [[0;31mError[0m] [0;37mxdg_backend:[0m Compositor released us but we were not acquired. Oh no.
[gamescope] [[0;31mError[0m] [0;37mxdg_backend:[0m Compositor released us but we were not acquired. Oh no.
[gamescope] [[0;31mError[0m] [0;37mxdg_backend:[0m Compositor released us but we were not acquired. Oh no.
[gamescope] [[0;31mError[0m] [0;37mxdg_backend:[0m Compositor released us but we were not acquired. Oh no.
[gamescope] [[0;31mError[0m] [0;37mxdg_backend:[0m Compositor released us but we were not acquired. Oh no.
[gamescope] [[0;31mError[0m] [0;37mxdg_backend:[0m Compositor released us but we were not acquired. Oh no.
[gamescope] [[0;31mError[0m] [0;37mxdg_backend:[0m Compositor released us but we were not acquired. Oh no.
[gamescope] [[0;31mError[0m] [0;37mxdg_backend:[0m Compositor released us but we were not acquired. Oh no.
[gamescope] [[0;31mError[0m] [0;37mxdg_backend:[0m Compositor released us but we were not acquired. Oh no.
[gamescope] [[0;31mError[0m] [0;37mxdg_backend:[0m Compositor released us but we were not acquired. Oh no.
[gamescope] [[0;31mError[0m] [0;37mxdg_backend:[0m Compositor released us but we were not acquired. Oh no.
[gamescope] [[0;31mError[0m] [0;37mxdg_backend:[0m Compositor released us but we were not acquired. Oh no.
[gamescope] [[0;31mError[0m] [0;37mxdg_backend:[0m Compositor released us but we were not acquired. Oh no.
[gamescope] [[0;31mError[0m] [0;37mxdg_backend:[0m Compositor released us but we were not acquired. Oh no.
[gamescope] [[0;33mWarn[0m]  [0;37mxwm:[0m got the same buffer committed twice, ignoring.
[gamescope] [[0;33mWarn[0m]  [0;37mxwm:[0m got the same buffer committed twice, ignoring.
[gamescopereaper] [[0;34mInfo[0m]  [0;37mreaper:[0m Parent of gamescopereaper was killed. Killing children.
(EE) failed to read Wayland events: Broken pipe
[2026-07-14 19:02:12] [monitor] Monitor: Steam process terminated.
[2026-07-14 19:02:12] [monitor] Monitor: Executing EXTRA_STOP_CMD: dms ipc outputs setProfile Main
PROFILE_SET_SUCCESS: Main
[gamescope] [[0;34mInfo[0m]  [0;37mlaunch:[0m Primary child shut down!
